<?xml version="1.0" encoding="UTF-8"?>
<!-- Generated by org.testng.reporters.JUnitReportReporter -->
<testsuite hostname="DESKTOP-CJ4EQ5G" failures="0" tests="1" name="testclasspackage.post_tc_2" time="2.100" errors="0" timestamp="2023-05-23T18:23:43 IST" skipped="0">
  <testcase classname="testclasspackage.post_tc_2" name="execute" time="2.100"/>
  <system-out/>
</testsuite> <!-- testclasspackage.post_tc_2 -->
