<?xml version="1.0" encoding="UTF-8"?>
<!-- Generated by org.testng.reporters.JUnitReportReporter -->
<testsuite hostname="DESKTOP-CJ4EQ5G" failures="0" tests="1" name="testclasspackage.post_tc_2" time="1.799" errors="0" timestamp="2023-05-26T20:03:33 IST" skipped="0">
  <testcase classname="testclasspackage.post_tc_2" name="execute" time="1.799"/>
  <system-out/>
</testsuite> <!-- testclasspackage.post_tc_2 -->
