<?xml version="1.0" encoding="UTF-8"?>
<!-- Generated by org.testng.reporters.JUnitReportReporter -->
<testsuite hostname="DESKTOP-CJ4EQ5G" failures="0" tests="1" name="testclasspackage.post_tc_1" time="10.522" errors="0" timestamp="2023-05-23T18:23:43 IST" skipped="0">
  <testcase classname="testclasspackage.post_tc_1" name="execute" time="10.522"/>
  <system-out/>
</testsuite> <!-- testclasspackage.post_tc_1 -->
